#
# A fatal error has been detected by the Java Runtime Environment:
#
#  EXCEPTION_ACCESS_VIOLATION (0xc0000005) at pc=0x000000d2850f0000, pid=9728, tid=7460
#
# JRE version:  (22.0.1+8) (build )
# Java VM: OpenJDK 64-Bit Server VM (22.0.1+8-16, mixed mode, sharing, tiered, compressed oops, compressed class ptrs, g1 gc, windows-amd64)
# Problematic frame:
# V  [jvm.dll+0x5e9cee]
#
# No core dump will be written. Minidumps are not enabled by default on client versions of Windows
#
#

---------------  S U M M A R Y ------------

Command Line: -javaagent:C:\Program Files\JetBrains\IntelliJ IDEA Community Edition 2024.1.4\lib\idea_rt.jar=58416:C:\Program Files\JetBrains\IntelliJ IDEA Community Edition 2024.1.4\bin -Dfile.encoding=UTF-8 -Dsun.stdout.encoding=UTF-8 -Dsun.stderr.encoding=UTF-8 com.sakshi.springboot.demosecurity.DemosecurityApplication

Host: Intel(R) Core(TM) i5-6300U CPU @ 2.40GHz, 4 cores, 19G,  Windows 10 , 64 bit Build 19041 (10.0.19041.3570)
Time: Wed Jul 31 14:28:06 2024 India Standard Time elapsed time: 0.212613 seconds (0d 0h 0m 0s)

---------------  T H R E A D  ---------------

Current thread (0x000002341bb53970):  JavaThread "main"             [_thread_in_vm, id=7460, stack(0x000000d69ae00000,0x000000d69af00000) (1024K)]

Stack: [0x000000d69ae00000,0x000000d69af00000],  sp=0x000000d69aefda60,  free space=1014k
Native frames: (J=compiled Java code, j=interpreted, Vv=VM code, C=native code)
C  0x000000d2850f0000  (no source info available)

Java frames: (J=compiled Java code, j=interpreted, Vv=VM code)
j  java.lang.CharacterDataLatin1.<clinit>()V+1463 java.base
v  ~StubRoutines::call_stub 0x000002342cda100d
j  java.lang.CharacterData.of(I)Ljava/lang/CharacterData;+7 java.base
j  java.lang.Character.digit(II)I+1 java.base
j  java.lang.Character.digit(CI)I+2 java.base
j  java.lang.Integer.parseInt(Ljava/lang/String;I)I+124 java.base
j  java.lang.Integer.parseInt(Ljava/lang/String;)I+3 java.base
j  jdk.internal.misc.VM.saveProperties(Ljava/util/Map;)V+137 java.base
j  java.lang.System.initPhase1()V+12 java.base
v  ~StubRoutines::call_stub 0x000002342cda100d

siginfo: EXCEPTION_ACCESS_VIOLATION (0xc0000005), data execution prevention violation at address 0x000000d2850f0000


Registers:
RAX=0x00007ff8d8c42610, RBX=0x000002341bb53970, RCX=0x000002343e000768, RDX=0x000002343e449d18
RSP=0x000000d69aefda58, RBP=0x000002341bb53970, RSI=0x00000000000000b3, RDI=0x000000d69aefdc20
R8 =0x000002343e46ab30, R9 =0x000000d69aefdca0, R10=0x0000000000000002, R11=0x0000000000000000
R12=0x000002343e000768, R13=0x0000000000000001, R14=0x000000d69aefdca0, R15=0x000002343e449d18
RIP=0x000000d2850f0000, EFLAGS=0x0000000000010293


Register to memory mapping:

RAX=0x00007ff8d8c42610 jvm.dll
RBX=0x000002341bb53970 is a thread
RCX=0x000002343e000768 is pointing into metadata
RDX=0x000002343e449d18 is pointing into metadata
RSP=0x000000d69aefda58 is pointing into the stack for thread: 0x000002341bb53970
RBP=0x000002341bb53970 is a thread
RSI=0x00000000000000b3 is an unknown value
RDI=0x000000d69aefdc20 is pointing into the stack for thread: 0x000002341bb53970
R8 =0x000002343e46ab30 is pointing into metadata
R9 =0x000000d69aefdca0 is pointing into the stack for thread: 0x000002341bb53970
R10=0x0000000000000002 is an unknown value
R11=0x0 is null
R12=0x000002343e000768 is pointing into metadata
R13=0x0000000000000001 is an unknown value
R14=0x000000d69aefdca0 is pointing into the stack for thread: 0x000002341bb53970
R15=0x000002343e449d18 is pointing into metadata

Top of Stack: (sp=0x000000d69aefda58)
0x000000d69aefda58:   00007ff8d9219cee 000002341bb53970
0x000000d69aefda68:   00007ff8d8e9f97d 0000000000000000
0x000000d69aefda78:   000002341bb53970 0000000000000002
0x000000d69aefda88:   0000000000009998 00000006d58110e0
0x000000d69aefda98:   0000000000000000 000000d69aef0101
0x000000d69aefdaa8:   000002343e46ab30 000002341bb53970
0x000000d69aefdab8:   00007ff8d8e9d869 000002343e000768
0x000000d69aefdac8:   000002343e449d18 000002341bb53964
0x000000d69aefdad8:   000000d69aefde60 000002341bb53970
0x000000d69aefdae8:   000002341bb42300 000002341bb53970
0x000000d69aefdaf8:   000002341bb42300 000002341bd49a80
0x000000d69aefdb08:   000002341bd49ab8 000002341bd49b68
0x000000d69aefdb18:   00000000000000d8 000000d69aefe1c0
0x000000d69aefdb28:   00007ff8d8ff6830 00000000000000b3
0x000000d69aefdb38:   000000d69aefdcd0 00000000000000b2
0x000000d69aefdb48:   000000d69aefdce0 0000000000009998
0x000000d69aefdb58:   00007ff8d8e9d9d7 000002343e440f60
0x000000d69aefdb68:   0000000000000002 000000d69aefdca0
0x000000d69aefdb78:   00007ff8d8fd3cd2 000002343e6293c0
0x000000d69aefdb88:   000000d69aefdc40 000002341bb53970
0x000000d69aefdb98:   0192000000000004 0000cfa232021a1d
0x000000d69aefdba8:   00007ff8d9217cad 000002341bb53901
0x000000d69aefdbb8:   0000000000000002 00000000000000b2
0x000000d69aefdbc8:   0000000000000001 00000000000000b3
0x000000d69aefdbd8:   000000d69aefdca0 000000d69aefdd39
0x000000d69aefdbe8:   00007ff8d921a293 000002341bb53970
0x000000d69aefdbf8:   000000d69aefdd39 000002341bb53970
0x000000d69aefdc08:   00000000000000b3 000002341bb53970
0x000000d69aefdc18:   000002341bb53901 000002343e449d18
0x000000d69aefdc28:   000002343e46ab30 000002343e000768
0x000000d69aefdc38:   000002343e02b020 000002343e02cc70
0x000000d69aefdc48:   000002341bb53970 000000d69a010101 

Instructions: (pc=0x00007ff8d9219cee)
0x00007ff8d9219bee:   20 e8 6c a0 db ff 48 8d 4f 18 48 8d 54 24 20 e8
0x00007ff8d9219bfe:   5e a0 db ff 33 c0 c7 47 2c fe ff ff ff 48 8b d3
0x00007ff8d9219c0e:   89 47 28 48 8d 4c 24 20 48 89 47 30 e8 61 9d c5
0x00007ff8d9219c1e:   ff 48 8d 4c 24 20 e8 17 a0 db ff 48 8d 4c 24 50
0x00007ff8d9219c2e:   e8 0d a0 db ff 4c 8d 5c 24 70 49 8b 5b 10 49 8b
0x00007ff8d9219c3e:   73 20 49 8b e3 5f c3 cc cc cc cc cc cc cc cc cc
0x00007ff8d9219c4e:   cc cc 48 89 5c 24 18 55 56 57 41 54 41 55 41 56
0x00007ff8d9219c5e:   41 57 48 81 ec 50 01 00 00 48 8b 05 7a b8 61 00
0x00007ff8d9219c6e:   48 33 c4 48 89 84 24 40 01 00 00 48 8b ac 24 b0
0x00007ff8d9219c7e:   01 00 00 41 8d 80 4e ff ff ff 83 f8 01 44 88 4c
0x00007ff8d9219c8e:   24 41 41 8d 80 4d ff ff ff 41 8b f0 41 0f 96 c5
0x00007ff8d9219c9e:   48 8b fa 4c 8b f1 83 f8 38 77 15 48 b9 05 00 00
0x00007ff8d9219cae:   00 00 00 00 01 c6 44 24 40 01 48 0f a3 c1 72 05
0x00007ff8d9219cbe:   c6 44 24 40 00 48 8b 4a 08 4d 8b ce 4c 8b 62 10
0x00007ff8d9219cce:   4c 8b c1 4c 8b 3a 48 89 4c 24 48 49 8b d7 49 8b
0x00007ff8d9219cde:   cc 4c 89 7c 24 68 49 8b 04 24 ff 90 b8 00 00 00
0x00007ff8d9219cee:   48 8b d8 48 85 c0 0f 85 df 00 00 00 48 8b bd 20
0x00007ff8d9219cfe:   03 00 00 48 8d 4c 24 70 33 d2 48 8b 47 28 48 8b
0x00007ff8d9219d0e:   77 10 4c 8b 77 18 4c 8b 6f 20 48 89 44 24 50 e8
0x00007ff8d9219d1e:   8e 91 0f 00 49 8b cc e8 d6 8b fd ff 4c 8b c0 48
0x00007ff8d9219d2e:   8d 15 dc cc 44 00 48 8d 4c 24 70 e8 82 a4 0f 00
0x00007ff8d9219d3e:   48 8b 4c 24 48 48 8d 54 24 70 e8 83 43 1f 00 49
0x00007ff8d9219d4e:   8b cf e8 3b 3b 1f 00 4c 8b c0 48 8d 15 d9 cc 44
0x00007ff8d9219d5e:   00 48 8d 4c 24 70 e8 57 a4 0f 00 48 8b 1d 90 ca
0x00007ff8d9219d6e:   68 00 48 8d 4c 24 70 33 d2 e8 f4 94 0f 00 4c 8b
0x00007ff8d9219d7e:   cb 48 89 44 24 20 41 b8 d7 03 00 00 48 8d 15 cf
0x00007ff8d9219d8e:   c7 44 00 48 8b cd e8 47 f3 d1 ff 48 8d 4c 24 70
0x00007ff8d9219d9e:   e8 2d 92 0f 00 48 83 3e 00 74 15 48 8b 54 24 50
0x00007ff8d9219dae:   48 8b cf e8 da a3 ad ff 48 8b ce e8 b2 a3 ad ff
0x00007ff8d9219dbe:   4c 39 77 18 0f 84 44 04 00 00 48 89 77 10 4c 89
0x00007ff8d9219dce:   77 18 4c 89 6f 20 e9 33 04 00 00 80 7f 30 00 4c
0x00007ff8d9219dde:   8b 7f 18 0f 84 fb 03 00 00 4d 8b ce 48 89 6c 24 


Stack slot to memory mapping:

stack at sp + 0 slots: 0x000002341bb53970 is a thread
stack at sp + 1 slots: 0x00007ff8d8e9f97d jvm.dll
stack at sp + 2 slots: 0x0 is null
stack at sp + 3 slots: 0x000002341bb53970 is a thread
stack at sp + 4 slots: 0x0000000000000002 is an unknown value
stack at sp + 5 slots: 0x0000000000009998 is an unknown value
stack at sp + 6 slots: 0x00000006d58110e0 is an oop: java.lang.NoClassDefFoundError 
{0x00000006d58110e0} - klass: 'java/lang/NoClassDefFoundError'
 - ---- fields (total size 5 words):
 - private transient 'depth' 'I' @12  8 (0x00000008)
 - private transient 'backtrace' 'Ljava/lang/Object;' @16  a 'java/lang/Object'[7] {0x00000006d5811108} (0xdab02221)
 - private 'detailMessage' 'Ljava/lang/String;' @20  "SourceFile"{0x00000006d5810da0} (0xdab021b4)
 - private 'cause' 'Ljava/lang/Throwable;' @24  a 'java/lang/NoClassDefFoundError'{0x00000006d58110e0} (0xdab0221c)
 - private 'stackTrace' '[Ljava/lang/StackTraceElement;' @28  a 'java/lang/StackTraceElement'[0] {0x00000006d5810dd8} (0xdab021bb)
 - private 'suppressedExceptions' 'Ljava/util/List;' @32  a 'java/util/Collections$EmptyList'{0x00000006d5811030} (0xdab02206)
stack at sp + 7 slots: 0x0 is null


---------------  P R O C E S S  ---------------

Threads class SMR info:
_java_thread_list=0x000002341be13a30, length=1, elements={
0x000002341bb53970
}

Java Threads: ( => current thread )
=>0x000002341bb53970 JavaThread "main"                              [_thread_in_vm, id=7460, stack(0x000000d69ae00000,0x000000d69af00000) (1024K)]
Total: 1

Other Threads:
  0x000002343d80dcb0 VMThread "VM Thread"                           [id=8248, stack(0x000000d69b500000,0x000000d69b600000) (1024K)]
  0x000002343d7f47c0 WatcherThread "VM Periodic Task Thread"        [id=7480, stack(0x000000d69b400000,0x000000d69b500000) (1024K)]
  0x000002341bdbeac0 WorkerThread "GC Thread#0"                     [id=3164, stack(0x000000d69af00000,0x000000d69b000000) (1024K)]
  0x000002341bdca8e0 ConcurrentGCThread "G1 Main Marker"            [id=10372, stack(0x000000d69b000000,0x000000d69b100000) (1024K)]
  0x000002341bdcb4b0 WorkerThread "G1 Conc#0"                       [id=8668, stack(0x000000d69b100000,0x000000d69b200000) (1024K)]
  0x000002343d6d14b0 ConcurrentGCThread "G1 Refine#0"               [id=2952, stack(0x000000d69b200000,0x000000d69b300000) (1024K)]
  0x000002343d6d1f40 ConcurrentGCThread "G1 Service"                [id=5672, stack(0x000000d69b300000,0x000000d69b400000) (1024K)]
Total: 7

Threads with active compile tasks:
Total: 0

VM state: not at safepoint (normal execution)

VM Mutex/Monitor currently owned by a thread: None

Heap address: 0x00000006c1c00000, size: 5092 MB, Compressed Oops mode: Zero based, Oop shift amount: 3

CDS archive(s) mapped at: [0x000002343e000000-0x000002343ec50000-0x000002343ec50000), size 12910592, SharedBaseAddress: 0x000002343e000000, ArchiveRelocationMode: 1.
Compressed class space mapped at: 0x000002343f000000-0x000002347f000000, reserved size: 1073741824
Narrow klass base: 0x000002343e000000, Narrow klass shift: 0, Narrow klass range: 0x41000000

GC Precious Log:
 CardTable entry size: 512
 Card Set container configuration: InlinePtr #cards 4 size 8 Array Of Cards #cards 32 size 80 Howl #buckets 8 coarsen threshold 7372 Howl Bitmap #cards 1024 size 144 coarsen threshold 921 Card regions per heap region 1 cards per card region 8192
 CPUs: 4 total, 4 available
 Memory: 20355M
 Large Page Support: Disabled
 NUMA Support: Disabled
 Compressed Oops: Enabled (Zero based)
 Heap Region Size: 4M
 Heap Min Capacity: 8M
 Heap Initial Capacity: 320M
 Heap Max Capacity: 5092M
 Pre-touch: Disabled
 Parallel Workers: 4
 Concurrent Workers: 1
 Concurrent Refinement Workers: 4
 Periodic GC: Disabled

Heap:
 garbage-first heap   total reserved 5214208K, committed 327680K, used 0K [0x00000006c1c00000, 0x0000000800000000)
  region size 4096K, 1 young (4096K), 0 survivors (0K)
 Metaspace       used 11K, committed 128K, reserved 1114112K
  class space    used 0K, committed 64K, reserved 1048576K

Heap Regions: E=young(eden), S=young(survivor), O=old, HS=humongous(starts), HC=humongous(continues), CS=collection set, F=free, TAMS=top-at-mark-start, PB=parsable bottom
|   0|0x00000006c1c00000, 0x00000006c1c00000, 0x00000006c2000000|  0%| F|  |TAMS 0x00000006c1c00000| PB 0x00000006c1c00000| Untracked |  0
|   1|0x00000006c2000000, 0x00000006c2000000, 0x00000006c2400000|  0%| F|  |TAMS 0x00000006c2000000| PB 0x00000006c2000000| Untracked |  0
|   2|0x00000006c2400000, 0x00000006c2400000, 0x00000006c2800000|  0%| F|  |TAMS 0x00000006c2400000| PB 0x00000006c2400000| Untracked |  0
|   3|0x00000006c2800000, 0x00000006c2800000, 0x00000006c2c00000|  0%| F|  |TAMS 0x00000006c2800000| PB 0x00000006c2800000| Untracked |  0
|   4|0x00000006c2c00000, 0x00000006c2c00000, 0x00000006c3000000|  0%| F|  |TAMS 0x00000006c2c00000| PB 0x00000006c2c00000| Untracked |  0
|   5|0x00000006c3000000, 0x00000006c3000000, 0x00000006c3400000|  0%| F|  |TAMS 0x00000006c3000000| PB 0x00000006c3000000| Untracked |  0
|   6|0x00000006c3400000, 0x00000006c3400000, 0x00000006c3800000|  0%| F|  |TAMS 0x00000006c3400000| PB 0x00000006c3400000| Untracked |  0
|   7|0x00000006c3800000, 0x00000006c3800000, 0x00000006c3c00000|  0%| F|  |TAMS 0x00000006c3800000| PB 0x00000006c3800000| Untracked |  0
|   8|0x00000006c3c00000, 0x00000006c3c00000, 0x00000006c4000000|  0%| F|  |TAMS 0x00000006c3c00000| PB 0x00000006c3c00000| Untracked |  0
|   9|0x00000006c4000000, 0x00000006c4000000, 0x00000006c4400000|  0%| F|  |TAMS 0x00000006c4000000| PB 0x00000006c4000000| Untracked |  0
|  10|0x00000006c4400000, 0x00000006c4400000, 0x00000006c4800000|  0%| F|  |TAMS 0x00000006c4400000| PB 0x00000006c4400000| Untracked |  0
|  11|0x00000006c4800000, 0x00000006c4800000, 0x00000006c4c00000|  0%| F|  |TAMS 0x00000006c4800000| PB 0x00000006c4800000| Untracked |  0
|  12|0x00000006c4c00000, 0x00000006c4c00000, 0x00000006c5000000|  0%| F|  |TAMS 0x00000006c4c00000| PB 0x00000006c4c00000| Untracked |  0
|  13|0x00000006c5000000, 0x00000006c5000000, 0x00000006c5400000|  0%| F|  |TAMS 0x00000006c5000000| PB 0x00000006c5000000| Untracked |  0
|  14|0x00000006c5400000, 0x00000006c5400000, 0x00000006c5800000|  0%| F|  |TAMS 0x00000006c5400000| PB 0x00000006c5400000| Untracked |  0
|  15|0x00000006c5800000, 0x00000006c5800000, 0x00000006c5c00000|  0%| F|  |TAMS 0x00000006c5800000| PB 0x00000006c5800000| Untracked |  0
|  16|0x00000006c5c00000, 0x00000006c5c00000, 0x00000006c6000000|  0%| F|  |TAMS 0x00000006c5c00000| PB 0x00000006c5c00000| Untracked |  0
|  17|0x00000006c6000000, 0x00000006c6000000, 0x00000006c6400000|  0%| F|  |TAMS 0x00000006c6000000| PB 0x00000006c6000000| Untracked |  0
|  18|0x00000006c6400000, 0x00000006c6400000, 0x00000006c6800000|  0%| F|  |TAMS 0x00000006c6400000| PB 0x00000006c6400000| Untracked |  0
|  19|0x00000006c6800000, 0x00000006c6800000, 0x00000006c6c00000|  0%| F|  |TAMS 0x00000006c6800000| PB 0x00000006c6800000| Untracked |  0
|  20|0x00000006c6c00000, 0x00000006c6c00000, 0x00000006c7000000|  0%| F|  |TAMS 0x00000006c6c00000| PB 0x00000006c6c00000| Untracked |  0
|  21|0x00000006c7000000, 0x00000006c7000000, 0x00000006c7400000|  0%| F|  |TAMS 0x00000006c7000000| PB 0x00000006c7000000| Untracked |  0
|  22|0x00000006c7400000, 0x00000006c7400000, 0x00000006c7800000|  0%| F|  |TAMS 0x00000006c7400000| PB 0x00000006c7400000| Untracked |  0
|  23|0x00000006c7800000, 0x00000006c7800000, 0x00000006c7c00000|  0%| F|  |TAMS 0x00000006c7800000| PB 0x00000006c7800000| Untracked |  0
|  24|0x00000006c7c00000, 0x00000006c7c00000, 0x00000006c8000000|  0%| F|  |TAMS 0x00000006c7c00000| PB 0x00000006c7c00000| Untracked |  0
|  25|0x00000006c8000000, 0x00000006c8000000, 0x00000006c8400000|  0%| F|  |TAMS 0x00000006c8000000| PB 0x00000006c8000000| Untracked |  0
|  26|0x00000006c8400000, 0x00000006c8400000, 0x00000006c8800000|  0%| F|  |TAMS 0x00000006c8400000| PB 0x00000006c8400000| Untracked |  0
|  27|0x00000006c8800000, 0x00000006c8800000, 0x00000006c8c00000|  0%| F|  |TAMS 0x00000006c8800000| PB 0x00000006c8800000| Untracked |  0
|  28|0x00000006c8c00000, 0x00000006c8c00000, 0x00000006c9000000|  0%| F|  |TAMS 0x00000006c8c00000| PB 0x00000006c8c00000| Untracked |  0
|  29|0x00000006c9000000, 0x00000006c9000000, 0x00000006c9400000|  0%| F|  |TAMS 0x00000006c9000000| PB 0x00000006c9000000| Untracked |  0
|  30|0x00000006c9400000, 0x00000006c9400000, 0x00000006c9800000|  0%| F|  |TAMS 0x00000006c9400000| PB 0x00000006c9400000| Untracked |  0
|  31|0x00000006c9800000, 0x00000006c9800000, 0x00000006c9c00000|  0%| F|  |TAMS 0x00000006c9800000| PB 0x00000006c9800000| Untracked |  0
|  32|0x00000006c9c00000, 0x00000006c9c00000, 0x00000006ca000000|  0%| F|  |TAMS 0x00000006c9c00000| PB 0x00000006c9c00000| Untracked |  0
|  33|0x00000006ca000000, 0x00000006ca000000, 0x00000006ca400000|  0%| F|  |TAMS 0x00000006ca000000| PB 0x00000006ca000000| Untracked |  0
|  34|0x00000006ca400000, 0x00000006ca400000, 0x00000006ca800000|  0%| F|  |TAMS 0x00000006ca400000| PB 0x00000006ca400000| Untracked |  0
|  35|0x00000006ca800000, 0x00000006ca800000, 0x00000006cac00000|  0%| F|  |TAMS 0x00000006ca800000| PB 0x00000006ca800000| Untracked |  0
|  36|0x00000006cac00000, 0x00000006cac00000, 0x00000006cb000000|  0%| F|  |TAMS 0x00000006cac00000| PB 0x00000006cac00000| Untracked |  0
|  37|0x00000006cb000000, 0x00000006cb000000, 0x00000006cb400000|  0%| F|  |TAMS 0x00000006cb000000| PB 0x00000006cb000000| Untracked |  0
|  38|0x00000006cb400000, 0x00000006cb400000, 0x00000006cb800000|  0%| F|  |TAMS 0x00000006cb400000| PB 0x00000006cb400000| Untracked |  0
|  39|0x00000006cb800000, 0x00000006cb800000, 0x00000006cbc00000|  0%| F|  |TAMS 0x00000006cb800000| PB 0x00000006cb800000| Untracked |  0
|  40|0x00000006cbc00000, 0x00000006cbc00000, 0x00000006cc000000|  0%| F|  |TAMS 0x00000006cbc00000| PB 0x00000006cbc00000| Untracked |  0
|  41|0x00000006cc000000, 0x00000006cc000000, 0x00000006cc400000|  0%| F|  |TAMS 0x00000006cc000000| PB 0x00000006cc000000| Untracked |  0
|  42|0x00000006cc400000, 0x00000006cc400000, 0x00000006cc800000|  0%| F|  |TAMS 0x00000006cc400000| PB 0x00000006cc400000| Untracked |  0
|  43|0x00000006cc800000, 0x00000006cc800000, 0x00000006ccc00000|  0%| F|  |TAMS 0x00000006cc800000| PB 0x00000006cc800000| Untracked |  0
|  44|0x00000006ccc00000, 0x00000006ccc00000, 0x00000006cd000000|  0%| F|  |TAMS 0x00000006ccc00000| PB 0x00000006ccc00000| Untracked |  0
|  45|0x00000006cd000000, 0x00000006cd000000, 0x00000006cd400000|  0%| F|  |TAMS 0x00000006cd000000| PB 0x00000006cd000000| Untracked |  0
|  46|0x00000006cd400000, 0x00000006cd400000, 0x00000006cd800000|  0%| F|  |TAMS 0x00000006cd400000| PB 0x00000006cd400000| Untracked |  0
|  47|0x00000006cd800000, 0x00000006cd800000, 0x00000006cdc00000|  0%| F|  |TAMS 0x00000006cd800000| PB 0x00000006cd800000| Untracked |  0
|  48|0x00000006cdc00000, 0x00000006cdc00000, 0x00000006ce000000|  0%| F|  |TAMS 0x00000006cdc00000| PB 0x00000006cdc00000| Untracked |  0
|  49|0x00000006ce000000, 0x00000006ce000000, 0x00000006ce400000|  0%| F|  |TAMS 0x00000006ce000000| PB 0x00000006ce000000| Untracked |  0
|  50|0x00000006ce400000, 0x00000006ce400000, 0x00000006ce800000|  0%| F|  |TAMS 0x00000006ce400000| PB 0x00000006ce400000| Untracked |  0
|  51|0x00000006ce800000, 0x00000006ce800000, 0x00000006cec00000|  0%| F|  |TAMS 0x00000006ce800000| PB 0x00000006ce800000| Untracked |  0
|  52|0x00000006cec00000, 0x00000006cec00000, 0x00000006cf000000|  0%| F|  |TAMS 0x00000006cec00000| PB 0x00000006cec00000| Untracked |  0
|  53|0x00000006cf000000, 0x00000006cf000000, 0x00000006cf400000|  0%| F|  |TAMS 0x00000006cf000000| PB 0x00000006cf000000| Untracked |  0
|  54|0x00000006cf400000, 0x00000006cf400000, 0x00000006cf800000|  0%| F|  |TAMS 0x00000006cf400000| PB 0x00000006cf400000| Untracked |  0
|  55|0x00000006cf800000, 0x00000006cf800000, 0x00000006cfc00000|  0%| F|  |TAMS 0x00000006cf800000| PB 0x00000006cf800000| Untracked |  0
|  56|0x00000006cfc00000, 0x00000006cfc00000, 0x00000006d0000000|  0%| F|  |TAMS 0x00000006cfc00000| PB 0x00000006cfc00000| Untracked |  0
|  57|0x00000006d0000000, 0x00000006d0000000, 0x00000006d0400000|  0%| F|  |TAMS 0x00000006d0000000| PB 0x00000006d0000000| Untracked |  0
|  58|0x00000006d0400000, 0x00000006d0400000, 0x00000006d0800000|  0%| F|  |TAMS 0x00000006d0400000| PB 0x00000006d0400000| Untracked |  0
|  59|0x00000006d0800000, 0x00000006d0800000, 0x00000006d0c00000|  0%| F|  |TAMS 0x00000006d0800000| PB 0x00000006d0800000| Untracked |  0
|  60|0x00000006d0c00000, 0x00000006d0c00000, 0x00000006d1000000|  0%| F|  |TAMS 0x00000006d0c00000| PB 0x00000006d0c00000| Untracked |  0
|  61|0x00000006d1000000, 0x00000006d1000000, 0x00000006d1400000|  0%| F|  |TAMS 0x00000006d1000000| PB 0x00000006d1000000| Untracked |  0
|  62|0x00000006d1400000, 0x00000006d1400000, 0x00000006d1800000|  0%| F|  |TAMS 0x00000006d1400000| PB 0x00000006d1400000| Untracked |  0
|  63|0x00000006d1800000, 0x00000006d1800000, 0x00000006d1c00000|  0%| F|  |TAMS 0x00000006d1800000| PB 0x00000006d1800000| Untracked |  0
|  64|0x00000006d1c00000, 0x00000006d1c00000, 0x00000006d2000000|  0%| F|  |TAMS 0x00000006d1c00000| PB 0x00000006d1c00000| Untracked |  0
|  65|0x00000006d2000000, 0x00000006d2000000, 0x00000006d2400000|  0%| F|  |TAMS 0x00000006d2000000| PB 0x00000006d2000000| Untracked |  0
|  66|0x00000006d2400000, 0x00000006d2400000, 0x00000006d2800000|  0%| F|  |TAMS 0x00000006d2400000| PB 0x00000006d2400000| Untracked |  0
|  67|0x00000006d2800000, 0x00000006d2800000, 0x00000006d2c00000|  0%| F|  |TAMS 0x00000006d2800000| PB 0x00000006d2800000| Untracked |  0
|  68|0x00000006d2c00000, 0x00000006d2c00000, 0x00000006d3000000|  0%| F|  |TAMS 0x00000006d2c00000| PB 0x00000006d2c00000| Untracked |  0
|  69|0x00000006d3000000, 0x00000006d3000000, 0x00000006d3400000|  0%| F|  |TAMS 0x00000006d3000000| PB 0x00000006d3000000| Untracked |  0
|  70|0x00000006d3400000, 0x00000006d3400000, 0x00000006d3800000|  0%| F|  |TAMS 0x00000006d3400000| PB 0x00000006d3400000| Untracked |  0
|  71|0x00000006d3800000, 0x00000006d3800000, 0x00000006d3c00000|  0%| F|  |TAMS 0x00000006d3800000| PB 0x00000006d3800000| Untracked |  0
|  72|0x00000006d3c00000, 0x00000006d3c00000, 0x00000006d4000000|  0%| F|  |TAMS 0x00000006d3c00000| PB 0x00000006d3c00000| Untracked |  0
|  73|0x00000006d4000000, 0x00000006d4000000, 0x00000006d4400000|  0%| F|  |TAMS 0x00000006d4000000| PB 0x00000006d4000000| Untracked |  0
|  74|0x00000006d4400000, 0x00000006d4400000, 0x00000006d4800000|  0%| F|  |TAMS 0x00000006d4400000| PB 0x00000006d4400000| Untracked |  0
|  75|0x00000006d4800000, 0x00000006d4800000, 0x00000006d4c00000|  0%| F|  |TAMS 0x00000006d4800000| PB 0x00000006d4800000| Untracked |  0
|  76|0x00000006d4c00000, 0x00000006d4c00000, 0x00000006d5000000|  0%| F|  |TAMS 0x00000006d4c00000| PB 0x00000006d4c00000| Untracked |  0
|  77|0x00000006d5000000, 0x00000006d5000000, 0x00000006d5400000|  0%| F|  |TAMS 0x00000006d5000000| PB 0x00000006d5000000| Untracked |  0
|  78|0x00000006d5400000, 0x00000006d5400000, 0x00000006d5800000|  0%| F|  |TAMS 0x00000006d5400000| PB 0x00000006d5400000| Untracked |  0
|  79|0x00000006d5800000, 0x00000006d5851ed8, 0x00000006d5c00000|  8%| E|  |TAMS 0x00000006d5800000| PB 0x00000006d5800000| Complete |  0

Card table byte_map: [0x00000234358b0000,0x00000234362b0000] _byte_map_base: 0x00000234322a2000

Marking Bits: (CMBitMap*) 0x000002341bdc00f0
 Bits: [0x00000234362b0000, 0x000002343b240000)

Polling page: 0x0000023425850000

Metaspace:

Usage:
  Non-class:     10.94 KB used.
      Class:    992 bytes used.
       Both:     11.91 KB used.

Virtual space:
  Non-class space:       64.00 MB reserved,      64.00 KB ( <1%) committed,  1 nodes.
      Class space:        1.00 GB reserved,      64.00 KB ( <1%) committed,  1 nodes.
             Both:        1.06 GB reserved,     128.00 KB ( <1%) committed. 

Chunk freelists:
   Non-Class:  12.00 MB
       Class:  15.75 MB
        Both:  27.75 MB

MaxMetaspaceSize: unlimited
CompressedClassSpaceSize: 1.00 GB
Initial GC threshold: 21.00 MB
Current GC threshold: 17179869184.00 GB
CDS: on
 - commit_granule_bytes: 65536.
 - commit_granule_words: 8192.
 - virtual_space_node_default_size: 8388608.
 - enlarge_chunks_in_place: 1.
 - use_allocation_guard: 0.


Internal statistics:

num_allocs_failed_limit: 0.
num_arena_births: 2.
num_arena_deaths: 0.
num_vsnodes_births: 2.
num_vsnodes_deaths: 0.
num_space_committed: 2.
num_space_uncommitted: 0.
num_chunks_returned_to_freelist: 0.
num_chunks_taken_from_freelist: 3.
num_chunk_merges: 0.
num_chunk_splits: 2.
num_chunks_enlarged: 0.
num_inconsistent_stats: 0.

CodeHeap 'non-profiled nmethods': size=120000Kb used=0Kb max_used=0Kb free=120000Kb
 bounds [0x000002342d340000, 0x000002342d5b0000, 0x0000023434870000]
CodeHeap 'profiled nmethods': size=120000Kb used=0Kb max_used=0Kb free=120000Kb
 bounds [0x0000023425870000, 0x0000023425ae0000, 0x000002342cda0000]
CodeHeap 'non-nmethods': size=5760Kb used=410Kb max_used=410Kb free=5350Kb
 bounds [0x000002342cda0000, 0x000002342d010000, 0x000002342d340000]
 total_blobs=161 nmethods=0 adapters=131
 compilation: enabled
              stopped_count=0, restarted_count=0
 full_count=0

Compilation events (0 events):
No events

GC Heap History (0 events):
No events

Dll operation events (1 events):
Event: 0.027 Loaded shared library C:\Users\LENOVO\.jdks\openjdk-22.0.1\bin\java.dll

Deoptimization events (0 events):
No events

Classes loaded (2 events):
Event: 0.133 Loading class SourceFile
Event: 0.133 Loading class SourceFile done

Classes unloaded (0 events):
No events

Classes redefined (0 events):
No events

Internal exceptions (1 events):
Event: 0.134 Thread 0x000002341bb53970 Exception <a 'java/lang/NoClassDefFoundError'{0x00000006d58110e0}: SourceFile> (0x00000006d58110e0) 
thrown [s\open\src\hotspot\share\classfile\systemDictionary.cpp, line 311]

ZGC Phase Switch (0 events):
No events

VM Operations (0 events):
No events

Events (1 events):
Event: 0.079 Thread 0x000002341bb53970 Thread added: 0x000002341bb53970


Dynamic libraries:
0x00007ff6d7080000 - 0x00007ff6d708e000 	C:\Users\LENOVO\.jdks\openjdk-22.0.1\bin\java.exe
0x00007ff9290b0000 - 0x00007ff9292a7000 	C:\Windows\SYSTEM32\ntdll.dll
0x00007ff927220000 - 0x00007ff9272dd000 	C:\Windows\System32\KERNEL32.DLL
0x00007ff926ba0000 - 0x00007ff926e96000 	C:\Windows\System32\KERNELBASE.dll
0x00007ff926830000 - 0x00007ff926930000 	C:\Windows\System32\ucrtbase.dll
0x00007ff9059e0000 - 0x00007ff9059f7000 	C:\Users\LENOVO\.jdks\openjdk-22.0.1\bin\jli.dll
0x00007ff8ebf90000 - 0x00007ff8ebfab000 	C:\Users\LENOVO\.jdks\openjdk-22.0.1\bin\VCRUNTIME140.dll
0x00007ff927e60000 - 0x00007ff927ffe000 	C:\Windows\System32\USER32.dll
0x00007ff926930000 - 0x00007ff926952000 	C:\Windows\System32\win32u.dll
0x00007ff928350000 - 0x00007ff92837c000 	C:\Windows\System32\GDI32.dll
0x00007ff9269d0000 - 0x00007ff926aea000 	C:\Windows\System32\gdi32full.dll
0x00007ff926790000 - 0x00007ff92682d000 	C:\Windows\System32\msvcp_win.dll
0x00007ff915a50000 - 0x00007ff915cea000 	C:\Windows\WinSxS\amd64_microsoft.windows.common-controls_6595b64144ccf1df_6.0.19041.3570_none_60bb2a3971f3e41a\COMCTL32.dll
0x00007ff928ea0000 - 0x00007ff928f3e000 	C:\Windows\System32\msvcrt.dll
0x00007ff927e20000 - 0x00007ff927e50000 	C:\Windows\System32\IMM32.DLL
0x00007ff90cd30000 - 0x00007ff90cd3c000 	C:\Users\LENOVO\.jdks\openjdk-22.0.1\bin\vcruntime140_1.dll
0x00007ff8e9d40000 - 0x00007ff8e9dce000 	C:\Users\LENOVO\.jdks\openjdk-22.0.1\bin\msvcp140.dll
0x00007ff8d8c30000 - 0x00007ff8d9977000 	C:\Users\LENOVO\.jdks\openjdk-22.0.1\bin\server\jvm.dll
0x00007ff928490000 - 0x00007ff92853e000 	C:\Windows\System32\ADVAPI32.dll
0x00007ff927120000 - 0x00007ff9271bc000 	C:\Windows\System32\sechost.dll
0x00007ff9277e0000 - 0x00007ff927906000 	C:\Windows\System32\RPCRT4.dll
0x00007ff928150000 - 0x00007ff9281bb000 	C:\Windows\System32\WS2_32.dll
0x00007ff926310000 - 0x00007ff92635b000 	C:\Windows\SYSTEM32\POWRPROF.dll
0x00007ff920150000 - 0x00007ff920177000 	C:\Windows\SYSTEM32\WINMM.dll
0x00007ff914c50000 - 0x00007ff914c5a000 	C:\Windows\SYSTEM32\VERSION.dll
0x00007ff925e10000 - 0x00007ff925e22000 	C:\Windows\SYSTEM32\UMPDC.dll
0x00007ff924950000 - 0x00007ff924962000 	C:\Windows\SYSTEM32\kernel.appcore.dll
0x00007ff90cad0000 - 0x00007ff90cada000 	C:\Users\LENOVO\.jdks\openjdk-22.0.1\bin\jimage.dll
0x00007ff925f80000 - 0x00007ff926164000 	C:\Windows\SYSTEM32\DBGHELP.DLL
0x00007ff925f40000 - 0x00007ff925f74000 	C:\Windows\SYSTEM32\dbgcore.DLL
0x00007ff926ed0000 - 0x00007ff926f52000 	C:\Windows\System32\bcryptPrimitives.dll
0x00007ff925bc0000 - 0x00007ff925bcf000 	C:\Users\LENOVO\.jdks\openjdk-22.0.1\bin\instrument.dll
0x00007ff8eb570000 - 0x00007ff8eb58e000 	C:\Users\LENOVO\.jdks\openjdk-22.0.1\bin\java.dll
0x00007ff9285a0000 - 0x00007ff928ce4000 	C:\Windows\System32\SHELL32.dll
0x00007ff928f40000 - 0x00007ff92906b000 	C:\Windows\System32\ole32.dll
0x00007ff927ac0000 - 0x00007ff927e14000 	C:\Windows\System32\combase.dll
0x00007ff9241a0000 - 0x00007ff92493b000 	C:\Windows\SYSTEM32\windows.storage.dll
0x00007ff925b10000 - 0x00007ff925b3d000 	C:\Windows\SYSTEM32\Wldp.dll
0x00007ff9283e0000 - 0x00007ff92848d000 	C:\Windows\System32\SHCORE.dll
0x00007ff9271c0000 - 0x00007ff927215000 	C:\Windows\System32\shlwapi.dll
0x00007ff9266c0000 - 0x00007ff9266e5000 	C:\Windows\SYSTEM32\profapi.dll

dbghelp: loaded successfully - version: 4.0.5 - missing functions: none
symbol engine: initialized successfully - sym options: 0x614 - pdb path: .;C:\Users\LENOVO\.jdks\openjdk-22.0.1\bin;C:\Windows\SYSTEM32;C:\Windows\WinSxS\amd64_microsoft.windows.common-controls_6595b64144ccf1df_6.0.19041.3570_none_60bb2a3971f3e41a;C:\Users\LENOVO\.jdks\openjdk-22.0.1\bin\server

VM Arguments:
jvm_args: -javaagent:C:\Program Files\JetBrains\IntelliJ IDEA Community Edition 2024.1.4\lib\idea_rt.jar=58416:C:\Program Files\JetBrains\IntelliJ IDEA Community Edition 2024.1.4\bin -Dfile.encoding=UTF-8 -Dsun.stdout.encoding=UTF-8 -Dsun.stderr.encoding=UTF-8 
java_command: com.sakshi.springboot.demosecurity.DemosecurityApplication
java_class_path (initial): C:\Users\LENOVO\Desktop\dev-spring-boot\09-spring-boot-spring-mvc-security\01-spring-boot-spring-mvc-security-default\demosecurity\target\classes;C:\Users\LENOVO\.m2\repository\org\springframework\boot\spring-boot-starter-security\3.3.2\spring-boot-starter-security-3.3.2.jar;C:\Users\LENOVO\.m2\repository\org\springframework\boot\spring-boot-starter\3.3.2\spring-boot-starter-3.3.2.jar;C:\Users\LENOVO\.m2\repository\org\springframework\boot\spring-boot-starter-logging\3.3.2\spring-boot-starter-logging-3.3.2.jar;C:\Users\LENOVO\.m2\repository\ch\qos\logback\logback-classic\1.5.6\logback-classic-1.5.6.jar;C:\Users\LENOVO\.m2\repository\ch\qos\logback\logback-core\1.5.6\logback-core-1.5.6.jar;C:\Users\LENOVO\.m2\repository\org\apache\logging\log4j\log4j-to-slf4j\2.23.1\log4j-to-slf4j-2.23.1.jar;C:\Users\LENOVO\.m2\repository\org\apache\logging\log4j\log4j-api\2.23.1\log4j-api-2.23.1.jar;C:\Users\LENOVO\.m2\repository\org\slf4j\jul-to-slf4j\2.0.13\jul-to-slf4j-2.0.13.jar;C:\Users\LENOVO\.m2\repository\jakarta\annotation\jakarta.annotation-api\2.1.1\jakarta.annotation-api-2.1.1.jar;C:\Users\LENOVO\.m2\repository\org\yaml\snakeyaml\2.2\snakeyaml-2.2.jar;C:\Users\LENOVO\.m2\repository\org\springframework\spring-aop\6.1.11\spring-aop-6.1.11.jar;C:\Users\LENOVO\.m2\repository\org\springframework\spring-beans\6.1.11\spring-beans-6.1.11.jar;C:\Users\LENOVO\.m2\repository\org\springframework\security\spring-security-config\6.3.1\spring-security-config-6.3.1.jar;C:\Users\LENOVO\.m2\repository\org\springframework\spring-context\6.1.11\spring-context-6.1.11.jar;C:\Users\LENOVO\.m2\repository\org\springframework\security\spring-security-web\6.3.1\spring-security-web-6.3.1.jar;C:\Users\LENOVO\.m2\repository\org\springframework\spring-expression\6.1.11\spring-expression-6.1.11.jar;C:\Users\LENOVO\.m2\repository\org\springframework\boot\spring-boot-starter-thymeleaf\3.3.2\spring-boot-starter-thymeleaf-3.3.2.jar;C:\Users\LENOVO\.m2\repository\org\thymeleaf\thymeleaf-spring6\3.1.2.RELEASE\thymeleaf-spring6-3.1.2.RELEASE.jar;C:\Users\LENOVO\.m2\repository\org\thymeleaf\thymeleaf\3.1.2.RELEASE\thymeleaf-3.1.2.RELEASE.jar;C:\Users\LENOVO\.m2\repository\org\attoparser\attoparser\2.0.7.RELEASE\attoparser-2.0.7.RELEASE.jar;C:\Users\LENOVO\.m2\repository\org\unbescape\unbescape\1.1.6.RELEASE\unbescape-1.1.6.RELEASE.jar;C:\Users\LENOVO\.m2\repository\org\springframework\boot\spring-boot-starter-web\3.3.2\spring-boot-starter-web-3.3.2.jar;C:\Users\LENOVO\.m2\repository\org\springframework\boot\spring-boot-starter-json\3.3.2\spring-boot-starter-json-3.3.2.jar;C:\Users\LENOVO\.m2\repository\com\fasterxml\jackson\core\jackson-databind\2.17.2\jackson-databind-2.17.2.jar;C:\Users\LENOVO\.m2\repository\com\fasterxml\jackson\core\jackson-annotations\2.17.2\jackson-annotations-2.17.2.jar;C:\Users\LENOVO\.m2\repository\com\fasterxml\jackson\core\jackson-core\2.17.2\jackson-core-2.17.2.jar;C:\Users\LENOVO\.m2\repository\com\fasterxml\jackson\datatype\jackson-datatype-jdk8\2.17.2\jackson-datatype-jdk8-2.17.2.jar;C:\Users\LENOVO\.m2\repository\com\fasterxml\jackson\datatype\jackson-datatype-jsr310\2.17.2\jackson-datatype-jsr310-2.17.2.jar;C:\Users\LENOVO\.m2\repository\com\fasterxml\jackson\module\jackson-module-parameter-names\2.17.2\jackson-module-parameter-names-2.17.2.jar;C:\Users\LENOVO\.m2\repository\org\springframework\boot\spring-boot-starter-tomcat\3.3.2\spring-boot-starter-tomcat-3.3.2.jar;C:\Users\LENOVO\.m2\repository\org\apache\tomcat\embed\tomcat-embed-core\10.1.26\tomcat-embed-core-10.1.26.jar;C:\Users\LENOVO\.m2\repository\org\apache\tomcat\embed\tomcat-embed-el\10.1.26\tomcat-embed-el-10.1.26.jar;C:\Users\LENOVO\.m2\repository\org\apache\tomcat\embed\tomcat-embed-websocket\10.1.26\tomcat-embed-websocket-10.1.26.jar;C:\Users\LENOVO\.m2\repository\org\springframework\spring-web\6.1.11\spring-web-6.1.11.jar;C:\Users\LENOVO\.m2\repository\io\micrometer\micrometer-observation\1.13.2\micrometer-observation-1.13.2.jar;C:\Users\LENOVO\.m2\repository\io\micrometer\micrometer-commons\1.13.2\micrometer-commons-1.13.2.jar;C:\Users\LENOVO\.m2\repository\org\springframework\spring-webmvc\6.1.11\spring-webmvc-6.1.11.jar;C:\Users\LENOVO\.m2\repository\org\thymeleaf\extras\thymeleaf-extras-springsecurity6\3.1.2.RELEASE\thymeleaf-extras-springsecurity6-3.1.2.RELEASE.jar;C:\Users\LENOVO\.m2\repository\org\slf4j\slf4j-api\2.0.13\slf4j-api-2.0.13.jar;C:\Users\LENOVO\.m2\repository\org\springframework\boot\spring-boot-devtools\3.3.2\spring-boot-devtools-3.3.2.jar;C:\Users\LENOVO\.m2\repository\org\springframework\boot\spring-boot\3.3.2\spring-boot-3.3.2.jar;C:\Users\LENOVO\.m2\repository\org\springframework\boot\spring-boot-autoconfigure\3.3.2\spring-boot-autoconfigure-3.3.2.jar;C:\Users\LENOVO\.m2\repository\org\springframework\spring-core\6.1.11\spring-core-6.1.11.jar;C:\Users\LENOVO\.m2\repository\org\springframework\spring-jcl\6.1.11\spring-jcl-6.1.11.jar;C:\Users\LENOVO\.m2\repository\org\springframework\security\spring-security-core\6.3.1\spring-security-core-6.3.1.jar;C:\Users\LENOVO\.m2\repository\org\springframework\security\spring-security-crypto\6.3.1\spring-security-crypto-6.3.1.jar
Launcher Type: SUN_STANDARD

[Global flags]
     intx CICompilerCount                          = 3                                         {product} {ergonomic}
     uint ConcGCThreads                            = 1                                         {product} {ergonomic}
     uint G1ConcRefinementThreads                  = 4                                         {product} {ergonomic}
   size_t G1HeapRegionSize                         = 4194304                                   {product} {ergonomic}
   size_t InitialHeapSize                          = 335544320                                 {product} {ergonomic}
   size_t MarkStackSize                            = 4194304                                   {product} {ergonomic}
   size_t MaxHeapSize                              = 5339348992                                {product} {ergonomic}
   size_t MaxNewSize                               = 3200253952                                {product} {ergonomic}
   size_t MinHeapDeltaBytes                        = 4194304                                   {product} {ergonomic}
   size_t MinHeapSize                              = 8388608                                   {product} {ergonomic}
    uintx NonNMethodCodeHeapSize                   = 5832780                                {pd product} {ergonomic}
    uintx NonProfiledCodeHeapSize                  = 122912730                              {pd product} {ergonomic}
     bool PerfDisableSharedMem                     = true                                      {product} {ergonomic}
    uintx ProfiledCodeHeapSize                     = 122912730                              {pd product} {ergonomic}
    uintx ReservedCodeCacheSize                    = 251658240                              {pd product} {ergonomic}
     bool SegmentedCodeCache                       = true                                      {product} {ergonomic}
   size_t SoftMaxHeapSize                          = 5339348992                             {manageable} {ergonomic}
     bool UseCompressedOops                        = true                           {product lp64_product} {ergonomic}
     bool UseG1GC                                  = true                                      {product} {ergonomic}
     bool UseLargePagesIndividualAllocation        = false                                  {pd product} {ergonomic}

Logging:
Log output configuration:
 #0: stdout all=warning uptime,level,tags foldmultilines=false
 #1: stderr all=off uptime,level,tags foldmultilines=false

Environment Variables:
PATH=C:\Program Files\Common Files\Oracle\Java\javapath;C:\Program Files (x86)\Common Files\Oracle\Java\javapath;C:\Windows\system32;C:\Windows;C:\Windows\System32\Wbem;C:\Windows\System32\WindowsPowerShell\v1.0\;C:\Windows\System32\OpenSSH\;C:\Program Files\Java\jdk-22\bin;C:\Program Files\MySQL\MySQL Server 8.0\bin;C:\Program Files\MySQL\MySQL Shell 8.0\bin\;C:\Users\LENOVO\AppData\Local\Programs\Python\Python312\Scripts\;C:\Users\LENOVO\AppData\Local\Programs\Python\Python312\;C:\Users\LENOVO\AppData\Local\Programs\Python\Launcher\;C:\Users\LENOVO\AppData\Local\Microsoft\WindowsApps;C:\Users\LENOVO\AppData\Local\Programs\Microsoft VS Code\bin;C:\Program Files\Java\jdk-17\bin;;C:\Program Files\JetBrains\IntelliJ IDEA Community Edition 2024.1.4\bin;
USERNAME=LENOVO
OS=Windows_NT
PROCESSOR_IDENTIFIER=Intel64 Family 6 Model 78 Stepping 3, GenuineIntel
TMP=C:\Users\LENOVO\AppData\Local\Temp
TEMP=C:\Users\LENOVO\AppData\Local\Temp




Periodic native trim disabled

---------------  S Y S T E M  ---------------

OS:
 Windows 10 , 64 bit Build 19041 (10.0.19041.3570)
OS uptime: 0 days 14:03 hours

CPU: total 4 (initial active 4) (2 cores per cpu, 2 threads per core) family 6 model 78 stepping 3 microcode 0xf0, cx8, cmov, fxsr, ht, mmx, 3dnowpref, sse, sse2, sse3, ssse3, sse4.1, sse4.2, popcnt, lzcnt, tsc, tscinvbit, avx, avx2, aes, erms, clmul, bmi1, bmi2, rtm, adx, fma, vzeroupper, clflush, clflushopt, rdtscp, f16c
Processor Information for all 4 processors :
  Max Mhz: 2496, Current Mhz: 798, Mhz Limit: 798

Memory: 4k page, system-wide physical 20355M (13392M free)
TotalPageFile size 23427M (AvailPageFile size 15485M)
current process WorkingSet (physical memory assigned to process): 28M, peak: 28M
current process commit charge ("private bytes"): 393M, peak: 393M

vm_info: OpenJDK 64-Bit Server VM (22.0.1+8-16) for windows-amd64 JRE (22.0.1+8-16), built on 2024-03-12T10:33:16Z by "mach5one" with MS VC++ 17.6 (VS2022)

END.
